[debug] [2025-07-27T05:03:04.630Z] ----------------------------------------------------------------------
[debug] [2025-07-27T05:03:04.636Z] Command:       C:\Program Files\nodejs\node.exe C:\Users\nishi\AppData\Roaming\npm\node_modules\firebase-tools\lib\bin\firebase.js deploy --only dataconnect
[debug] [2025-07-27T05:03:04.636Z] CLI Version:   14.11.1
[debug] [2025-07-27T05:03:04.637Z] Platform:      win32
[debug] [2025-07-27T05:03:04.637Z] Node Version:  v20.18.0
[debug] [2025-07-27T05:03:04.637Z] Time:          Sun Jul 27 2025 10:33:04 GMT+0530 (India Standard Time)
[debug] [2025-07-27T05:03:04.637Z] ----------------------------------------------------------------------
[debug] 
[debug] [2025-07-27T05:03:05.154Z] > command requires scopes: ["email","openid","https://www.googleapis.com/auth/cloudplatformprojects.readonly","https://www.googleapis.com/auth/firebase","https://www.googleapis.com/auth/cloud-platform"]
[debug] [2025-07-27T05:03:05.154Z] > authorizing via signed-in user (nishijsontakke123@gmail.com)
[debug] [2025-07-27T05:03:05.155Z] [iam] checking project citysync-plus for permissions ["cloudsql.databases.create","cloudsql.databases.update","cloudsql.instances.connect","cloudsql.instances.create","cloudsql.instances.get","cloudsql.instances.list","cloudsql.instances.update","cloudsql.users.create","firebase.projects.get","firebasedataconnect.connectors.create","firebasedataconnect.connectors.delete","firebasedataconnect.connectors.list","firebasedataconnect.connectors.update","firebasedataconnect.operations.get","firebasedataconnect.schemas.create","firebasedataconnect.schemas.delete","firebasedataconnect.schemas.list","firebasedataconnect.schemas.update","firebasedataconnect.services.create","firebasedataconnect.services.delete","firebasedataconnect.services.list","firebasedataconnect.services.update"]
[debug] [2025-07-27T05:03:05.157Z] Checked if tokens are valid: true, expires at: 1753593827132
[debug] [2025-07-27T05:03:05.157Z] Checked if tokens are valid: true, expires at: 1753593827132
[debug] [2025-07-27T05:03:05.159Z] >>> [apiv2][query] POST https://cloudresourcemanager.googleapis.com/v1/projects/citysync-plus:testIamPermissions [none]
[debug] [2025-07-27T05:03:05.160Z] >>> [apiv2][(partial)header] POST https://cloudresourcemanager.googleapis.com/v1/projects/citysync-plus:testIamPermissions x-goog-quota-user=projects/citysync-plus
[debug] [2025-07-27T05:03:05.160Z] >>> [apiv2][body] POST https://cloudresourcemanager.googleapis.com/v1/projects/citysync-plus:testIamPermissions {"permissions":["cloudsql.databases.create","cloudsql.databases.update","cloudsql.instances.connect","cloudsql.instances.create","cloudsql.instances.get","cloudsql.instances.list","cloudsql.instances.update","cloudsql.users.create","firebase.projects.get","firebasedataconnect.connectors.create","firebasedataconnect.connectors.delete","firebasedataconnect.connectors.list","firebasedataconnect.connectors.update","firebasedataconnect.operations.get","firebasedataconnect.schemas.create","firebasedataconnect.schemas.delete","firebasedataconnect.schemas.list","firebasedataconnect.schemas.update","firebasedataconnect.services.create","firebasedataconnect.services.delete","firebasedataconnect.services.list","firebasedataconnect.services.update"]}
[debug] [2025-07-27T05:03:06.635Z] <<< [apiv2][status] POST https://cloudresourcemanager.googleapis.com/v1/projects/citysync-plus:testIamPermissions 200
[debug] [2025-07-27T05:03:06.635Z] <<< [apiv2][body] POST https://cloudresourcemanager.googleapis.com/v1/projects/citysync-plus:testIamPermissions {"permissions":["cloudsql.databases.create","cloudsql.databases.update","cloudsql.instances.connect","cloudsql.instances.create","cloudsql.instances.get","cloudsql.instances.list","cloudsql.instances.update","cloudsql.users.create","firebase.projects.get","firebasedataconnect.connectors.create","firebasedataconnect.connectors.delete","firebasedataconnect.connectors.list","firebasedataconnect.connectors.update","firebasedataconnect.operations.get","firebasedataconnect.schemas.create","firebasedataconnect.schemas.delete","firebasedataconnect.schemas.list","firebasedataconnect.schemas.update","firebasedataconnect.services.create","firebasedataconnect.services.delete","firebasedataconnect.services.list","firebasedataconnect.services.update"]}
[info] 
[info] === Deploying to 'citysync-plus'...
[info] 
[info] i  deploying dataconnect 
[debug] [2025-07-27T05:03:06.640Z] Checked if tokens are valid: true, expires at: 1753593827132
[debug] [2025-07-27T05:03:06.640Z] Checked if tokens are valid: true, expires at: 1753593827132
[debug] [2025-07-27T05:03:06.640Z] >>> [apiv2][query] GET https://cloudbilling.googleapis.com/v1/projects/citysync-plus/billingInfo [none]
[debug] [2025-07-27T05:03:08.140Z] <<< [apiv2][status] GET https://cloudbilling.googleapis.com/v1/projects/citysync-plus/billingInfo 200
[debug] [2025-07-27T05:03:08.140Z] <<< [apiv2][body] GET https://cloudbilling.googleapis.com/v1/projects/citysync-plus/billingInfo {"name":"projects/citysync-plus/billingInfo","projectId":"citysync-plus","billingAccountName":"billingAccounts/017E18-254853-8A5E87","billingEnabled":true}
[info] i  dataconnect: ensuring required API firebasedataconnect.googleapis.com is enabled... 
[info] i  dataconnect: ensuring required API sqladmin.googleapis.com is enabled... 
[info] i  dataconnect: ensuring required API compute.googleapis.com is enabled... 
[debug] [2025-07-27T05:03:08.465Z] Checked if tokens are valid: true, expires at: 1753593827132
[debug] [2025-07-27T05:03:08.466Z] Checked if tokens are valid: true, expires at: 1753593827132
[debug] [2025-07-27T05:03:08.466Z] >>> [apiv2][query] GET https://mobilesdk-pa.googleapis.com/v1/accessmanagement/tos:getStatus [none]
[debug] [2025-07-27T05:03:08.922Z] <<< [apiv2][status] GET https://mobilesdk-pa.googleapis.com/v1/accessmanagement/tos:getStatus 200
[debug] [2025-07-27T05:03:08.922Z] <<< [apiv2][body] GET https://mobilesdk-pa.googleapis.com/v1/accessmanagement/tos:getStatus {"overallStatus":"ACCEPTED","uTosStatus":{"tos":{"id":"firebase","tosId":"FIREBASE_UNIVERSAL"},"status":"ACCEPTED","acceptedVersion":7},"childTosStatus":[{"tos":{"id":"cloud","tosId":"CLOUD_PLATFORM"},"status":"ACCEPTED","acceptedVersion":38},{"tos":{"id":"firebase_b2b","tosId":"FIREBASE_B2B"},"status":"ACCEPTED","acceptedVersion":1},{"tos":{"id":"universal","tosId":"GOOGLE_APIS"},"status":"ACCEPTED","acceptedVersion":6}],"termsUrl":"https://firebase.google.com/terms","perServiceStatus":[{"tosId":"APP_CHECK","serviceStatus":{"tos":{"id":"app_check","tosId":"APP_CHECK"},"status":"ACCEPTED","acceptedVersion":3}},{"tosId":"APP_HOSTING_TOS","serviceStatus":{"tos":{"id":"app_hosting","tosId":"APP_HOSTING_TOS"},"status":"ACCEPTED","acceptedVersion":3}},{"tosId":"FIREBASE_DATA_CONNECT","serviceStatus":{"tos":{"id":"data_connect","tosId":"FIREBASE_DATA_CONNECT"},"status":"ACCEPTED","acceptedVersion":3}},{"tosId":"CORE_APPS","serviceStatus":{"tos":{"id":"core_apps","tosId":"CORE_APPS"},"status":"ACCEPTED","acceptedVersion":1}},{"tosId":"VERTEX_AI_IN_FIREBASE","serviceStatus":{"tos":{"id":"vertex_ai_in_firebase","tosId":"VERTEX_AI_IN_FIREBASE"},"status":"ACCEPTED","acceptedVersion":2}},{"tosId":"FIREBASE_CRASHLYTICS_APP_DISTRIBUTION","serviceStatus":{"tos":{"id":"firebase_crashlytics_app_distribution","tosId":"FIREBASE_CRASHLYTICS_APP_DISTRIBUTION"},"status":"ACCEPTED","acceptedVersion":4}},{"tosId":"GENERATIVE_LANGUAGE","serviceStatus":{"tos":{"id":"generative-language-api","tosId":"GENERATIVE_LANGUAGE"},"status":"ACCEPTED","acceptedVersion":3}}]}
[info] i  dataconnect: Preparing to deploy 
[debug] [2025-07-27T05:03:08.989Z] defaultcredentials: writing to file C:\Users\nishi\AppData\Roaming\firebase\nishijsontakke123_gmail_com_application_default_credentials.json
[debug] [2025-07-27T05:03:11.696Z] I0727 10:33:11.615815   13472 build.go:55] No deployed sources found for service citysync-pluse
I0727 10:33:11.672386   13472 control.go:84] [/emulator/citysync-pluse 2d7d] UpdateResources(): done
Schema: sources: schema\schema.gql [2088B] 
Connector "default": sources: connector\mutations.gql [1233B] connector\queries.gql [1802B] 
 {"metadata":{"emulator":{"name":"dataconnect"},"message":"I0727 10:33:11.615815   13472 build.go:55] No deployed sources found for service citysync-pluse\nI0727 10:33:11.672386   13472 control.go:84] [/emulator/citysync-pluse 2d7d] UpdateResources(): done\nSchema: sources: schema\\schema.gql [2088B] \nConnector \"default\": sources: connector\\mutations.gql [1233B] connector\\queries.gql [1802B] \n"}}
[info] i  dataconnect: Successfully prepared schema and connectors 
[debug] [2025-07-27T05:03:11.697Z] {
  "serviceInfos": [
    {
      "serviceName": "projects/citysync-plus/locations/us-central1/services/citysync-pluse",
      "sourceDirectory": "E:\\Github Repo\\CitySync-Pluse\\dataconnect",
      "schema": {
        "name": "projects/citysync-plus/locations/us-central1/services/citysync-pluse/schemas/main",
        "datasources": [
          {
            "postgresql": {
              "database": "fdcdb",
              "cloudSql": {
                "instance": "projects/citysync-plus/locations/us-central1/instances/citysync-pluse-fdc"
              }
            }
          }
        ],
        "source": {
          "files": [
            {
              "path": "schema.gql",
              "content": "# # Example schema for simple movie review app\n\n# # User table is keyed by Firebase Auth UID.\n# type User @table {\n#   # `@default(expr: \"auth.uid\")` sets it to Firebase Auth UID during insert and upsert.\n#   id: String! @default(expr: \"auth.uid\")\n#   username: String! @col(dataType: \"varchar(50)\")\n#   # The `user: User!` field in the Review table generates the following one-to-many query field.\n#   #  reviews_on_user: [Review!]!\n#   # The `Review` join table the following many-to-many query field.\n#   #  movies_via_Review: [Movie!]!\n# }\n\n# # Movie is keyed by a randomly generated UUID.\n# type Movie @table {\n#   # If you do not pass a 'key' to `@table`, Data Connect automatically adds the following 'id' column.\n#   # Feel free to uncomment and customize it.\n#   #  id: UUID! @default(expr: \"uuidV4()\")\n#   title: String!\n#   imageUrl: String!\n#   genre: String\n# }\n\n# # MovieMetadata is a metadata attached to a Movie.\n# # Movie <-> MovieMetadata is a one-to-one relationship\n# type MovieMetadata @table {\n#   # @unique ensures each Movie can only one MovieMetadata.\n#   movie: Movie! @unique\n#   # The movie field adds the following foreign key field. Feel free to uncomment and customize it.\n#   #  movieId: UUID!\n#   rating: Float\n#   releaseYear: Int\n#   description: String\n# }\n\n# # Reviews is a join table between User and Movie.\n# # It has a composite primary keys `userUid` and `movieId`.\n# # A user can leave reviews for many movies. A movie can have reviews from many users.\n# # User  <-> Review is a one-to-many relationship\n# # Movie <-> Review is a one-to-many relationship\n# # Movie <-> User is a many-to-many relationship\n# type Review @table(name: \"Reviews\", key: [\"movie\", \"user\"]) {\n#   user: User!\n#   # The user field adds the following foreign key field. Feel free to uncomment and customize it.\n#   #  userUid: String!\n#   movie: Movie!\n#   # The movie field adds the following foreign key field. Feel free to uncomment and customize it.\n#   #  movieId: UUID!\n#   rating: Int\n#   reviewText: String\n#   reviewDate: Date! @default(expr: \"request.time\")\n# }\n"
            }
          ]
        }
      },
      "dataConnectYaml": {
        "specVersion": "v1",
        "serviceId": "citysync-pluse",
        "location": "us-central1",
        "schema": {
          "source": "./schema",
          "datasource": {
            "postgresql": {
              "database": "fdcdb",
              "cloudSql": {
                "instanceId": "citysync-pluse-fdc"
              }
            }
          }
        },
        "connectorDirs": [
          "./connector"
        ]
      },
      "connectorInfo": [
        {
          "directory": "E:\\Github Repo\\CitySync-Pluse\\dataconnect\\connector",
          "connectorYaml": {
            "connectorId": "default",
            "generate": {
              "javascriptSdk": {
                "outputDir": "..\\..\\dataconnect-generated\\js\\default-connector",
                "package": "@firebasegen/default-connector",
                "packageJsonDir": "..\\..",
                "react": true
              }
            }
          },
          "connector": {
            "name": "projects/citysync-plus/locations/us-central1/services/citysync-pluse/connectors/default",
            "source": {
              "files": [
                {
                  "path": "mutations.gql",
                  "content": "# # Example mutations for a simple movie app\n\n# # Create a movie based on user input\n# mutation CreateMovie($title: String!, $genre: String!, $imageUrl: String!)\n# @auth(level: USER_EMAIL_VERIFIED) {\n#   movie_insert(data: { title: $title, genre: $genre, imageUrl: $imageUrl })\n# }\n\n# # Upsert (update or insert) a user's username based on their auth.uid\n# mutation UpsertUser($username: String!) @auth(level: USER) {\n#   # The \"auth.uid\" server value ensures that users can only register their own user.\n#   user_upsert(data: { id_expr: \"auth.uid\", username: $username })\n# }\n\n# # Add a review for a movie\n# mutation AddReview($movieId: UUID!, $rating: Int!, $reviewText: String!)\n# @auth(level: USER) {\n#   review_upsert(\n#     data: {\n#       userId_expr: \"auth.uid\"\n#       movieId: $movieId\n#       rating: $rating\n#       reviewText: $reviewText\n#       # reviewDate defaults to today in the schema. No need to set it manually.\n#     }\n#   )\n# }\n\n# # Logged in user can delete their review for a movie\n# mutation DeleteReview($movieId: UUID!) @auth(level: USER) {\n#   # The \"auth.uid\" server value ensures that users can only delete their own reviews.\n#   review_delete(key: { userId_expr: \"auth.uid\", movieId: $movieId })\n# }\n"
                },
                {
                  "path": "queries.gql",
                  "content": "# # Example queries for a simple movie app.\n\n# # @auth() directives control who can call each operation.\n# # Anyone should be able to list all movies, so the auth level is set to PUBLIC\n# query ListMovies @auth(level: PUBLIC) {\n#   movies {\n#     id\n#     title\n#     imageUrl\n#     genre\n#   }\n# }\n\n# # List all users, only admins should be able to list all users, so we use NO_ACCESS\n# query ListUsers @auth(level: NO_ACCESS) {\n#   users {\n#     id\n#     username\n#   }\n# }\n\n# # Logged in users can list all their reviews and movie titles associated with the review\n# # Since the query uses the uid of the current authenticated user, we set auth level to USER\n# query ListUserReviews @auth(level: USER) {\n#   user(key: { id_expr: \"auth.uid\" }) {\n#     id\n#     username\n#     # <field>_on_<foreign_key_field> makes it easy to grab info from another table\n#     # Here, we use it to grab all the reviews written by the user.\n#     reviews: reviews_on_user {\n#       rating\n#       reviewDate\n#       reviewText\n#       movie {\n#         id\n#         title\n#       }\n#     }\n#   }\n# }\n\n# # Get movie by id\n# query GetMovieById($id: UUID!) @auth(level: PUBLIC) {\n#   movie(id: $id) {\n#     id\n#     title\n#     imageUrl\n#     genre\n#     metadata: movieMetadata_on_movie {\n#       rating\n#       releaseYear\n#       description\n#     }\n#     reviews: reviews_on_movie {\n#       reviewText\n#       reviewDate\n#       rating\n#       user {\n#         id\n#         username\n#       }\n#     }\n#   }\n# }\n\n# # Search for movies, actors, and reviews\n# query SearchMovie($titleInput: String, $genre: String) @auth(level: PUBLIC) {\n#   movies(\n#     where: {\n#       _and: [{ genre: { eq: $genre } }, { title: { contains: $titleInput } }]\n#     }\n#   ) {\n#     id\n#     title\n#     genre\n#     imageUrl\n#   }\n# }\n"
                }
              ]
            }
          }
        }
      ],
      "deploymentMetadata": {
        "primaryDataSource": {
          "postgres": {
            "requiredExtensions": null
          }
        }
      }
    }
  ]
}
[debug] [2025-07-27T05:03:11.698Z] Checked if tokens are valid: true, expires at: 1753593827132
[debug] [2025-07-27T05:03:11.698Z] Checked if tokens are valid: true, expires at: 1753593827132
[debug] [2025-07-27T05:03:11.698Z] >>> [apiv2][query] GET https://firebasedataconnect.googleapis.com/v1/projects/citysync-plus/locations/-/services [none]
[debug] [2025-07-27T05:03:13.542Z] <<< [apiv2][status] GET https://firebasedataconnect.googleapis.com/v1/projects/citysync-plus/locations/-/services 200
[debug] [2025-07-27T05:03:13.542Z] <<< [apiv2][body] GET https://firebasedataconnect.googleapis.com/v1/projects/citysync-plus/locations/-/services {}
[debug] [2025-07-27T05:03:13.543Z] Checked if tokens are valid: true, expires at: 1753593827132
[debug] [2025-07-27T05:03:13.543Z] Checked if tokens are valid: true, expires at: 1753593827132
[debug] [2025-07-27T05:03:13.544Z] >>> [apiv2][query] POST https://firebasedataconnect.googleapis.com/v1/projects/citysync-plus/locations/us-central1/services service_id=citysync-pluse
[debug] [2025-07-27T05:03:13.544Z] >>> [apiv2][body] POST https://firebasedataconnect.googleapis.com/v1/projects/citysync-plus/locations/us-central1/services {"name":"projects/citysync-plus/locations/us-central1/services/citysync-pluse"}
[debug] [2025-07-27T05:03:16.461Z] <<< [apiv2][status] POST https://firebasedataconnect.googleapis.com/v1/projects/citysync-plus/locations/us-central1/services 200
[debug] [2025-07-27T05:03:16.461Z] <<< [apiv2][body] POST https://firebasedataconnect.googleapis.com/v1/projects/citysync-plus/locations/us-central1/services {"name":"projects/citysync-plus/locations/us-central1/operations/operation-1753592594409-63ae217aba915-c222b725-27873341","metadata":{"@type":"type.googleapis.com/google.firebase.dataconnect.v1.OperationMetadata","createTime":"2025-07-27T05:03:15.778307814Z","target":"projects/citysync-plus/locations/us-central1/services/citysync-pluse","verb":"create","requestedCancellation":false,"apiVersion":"v1"},"done":false}
[debug] [2025-07-27T05:03:16.462Z] Checked if tokens are valid: true, expires at: 1753593827132
[debug] [2025-07-27T05:03:16.463Z] Checked if tokens are valid: true, expires at: 1753593827132
[debug] [2025-07-27T05:03:16.463Z] >>> [apiv2][query] GET https://firebasedataconnect.googleapis.com/v1/projects/citysync-plus/locations/us-central1/operations/operation-1753592594409-63ae217aba915-c222b725-27873341 [none]
[debug] [2025-07-27T05:03:16.793Z] <<< [apiv2][status] GET https://firebasedataconnect.googleapis.com/v1/projects/citysync-plus/locations/us-central1/operations/operation-1753592594409-63ae217aba915-c222b725-27873341 200
[debug] [2025-07-27T05:03:16.794Z] <<< [apiv2][body] GET https://firebasedataconnect.googleapis.com/v1/projects/citysync-plus/locations/us-central1/operations/operation-1753592594409-63ae217aba915-c222b725-27873341 {"name":"projects/citysync-plus/locations/us-central1/operations/operation-1753592594409-63ae217aba915-c222b725-27873341","metadata":{"@type":"type.googleapis.com/google.firebase.dataconnect.v1.OperationMetadata","createTime":"2025-07-27T05:03:15.778307814Z","target":"projects/citysync-plus/locations/us-central1/services/citysync-pluse","verb":"create","requestedCancellation":false,"apiVersion":"v1"},"done":false}
[debug] [2025-07-27T05:03:17.307Z] [LRO Poller] Retrying task index 0
[debug] [2025-07-27T05:03:17.307Z] Checked if tokens are valid: true, expires at: 1753593827132
[debug] [2025-07-27T05:03:17.307Z] Checked if tokens are valid: true, expires at: 1753593827132
[debug] [2025-07-27T05:03:17.308Z] >>> [apiv2][query] GET https://firebasedataconnect.googleapis.com/v1/projects/citysync-plus/locations/us-central1/operations/operation-1753592594409-63ae217aba915-c222b725-27873341 [none]
[debug] [2025-07-27T05:03:17.626Z] <<< [apiv2][status] GET https://firebasedataconnect.googleapis.com/v1/projects/citysync-plus/locations/us-central1/operations/operation-1753592594409-63ae217aba915-c222b725-27873341 200
[debug] [2025-07-27T05:03:17.626Z] <<< [apiv2][body] GET https://firebasedataconnect.googleapis.com/v1/projects/citysync-plus/locations/us-central1/operations/operation-1753592594409-63ae217aba915-c222b725-27873341 {"name":"projects/citysync-plus/locations/us-central1/operations/operation-1753592594409-63ae217aba915-c222b725-27873341","metadata":{"@type":"type.googleapis.com/google.firebase.dataconnect.v1.OperationMetadata","createTime":"2025-07-27T05:03:15.778307814Z","target":"projects/citysync-plus/locations/us-central1/services/citysync-pluse","verb":"create","requestedCancellation":false,"apiVersion":"v1"},"done":false}
[debug] [2025-07-27T05:03:18.630Z] [LRO Poller] Retrying task index 0
[debug] [2025-07-27T05:03:18.630Z] Checked if tokens are valid: true, expires at: 1753593827132
[debug] [2025-07-27T05:03:18.630Z] Checked if tokens are valid: true, expires at: 1753593827132
[debug] [2025-07-27T05:03:18.631Z] >>> [apiv2][query] GET https://firebasedataconnect.googleapis.com/v1/projects/citysync-plus/locations/us-central1/operations/operation-1753592594409-63ae217aba915-c222b725-27873341 [none]
[debug] [2025-07-27T05:03:18.977Z] <<< [apiv2][status] GET https://firebasedataconnect.googleapis.com/v1/projects/citysync-plus/locations/us-central1/operations/operation-1753592594409-63ae217aba915-c222b725-27873341 200
[debug] [2025-07-27T05:03:18.977Z] <<< [apiv2][body] GET https://firebasedataconnect.googleapis.com/v1/projects/citysync-plus/locations/us-central1/operations/operation-1753592594409-63ae217aba915-c222b725-27873341 {"name":"projects/citysync-plus/locations/us-central1/operations/operation-1753592594409-63ae217aba915-c222b725-27873341","metadata":{"@type":"type.googleapis.com/google.firebase.dataconnect.v1.OperationMetadata","createTime":"2025-07-27T05:03:15.778307814Z","endTime":"2025-07-27T05:03:17.119537943Z","target":"projects/citysync-plus/locations/us-central1/services/citysync-pluse","verb":"create","requestedCancellation":false,"apiVersion":"v1"},"done":true,"response":{"@type":"type.googleapis.com/google.firebase.dataconnect.v1.Service","name":"projects/citysync-plus/locations/us-central1/services/citysync-pluse","createTime":"2025-07-27T05:03:15.774069304Z","updateTime":"2025-07-27T05:03:15.774069304Z","uid":"5082f896-9683-42a7-bf31-8bd3a9126fa4","reconciling":false,"etag":"mWq4dwXX9pMPbwK2JWhskDwMID5hSeWyJNFe6E_195Y"}}
[info] +  dataconnect: Created service projects/citysync-plus/locations/us-central1/services/citysync-pluse 
[info] i  dataconnect: Checking for CloudSQL resources... 
[debug] [2025-07-27T05:03:18.979Z] Checked if tokens are valid: true, expires at: 1753593827132
[debug] [2025-07-27T05:03:18.979Z] Checked if tokens are valid: true, expires at: 1753593827132
[debug] [2025-07-27T05:03:18.979Z] >>> [apiv2][query] GET https://sqladmin.googleapis.com/v1/projects/citysync-plus/instances/citysync-pluse-fdc [none]
[debug] [2025-07-27T05:03:19.753Z] <<< [apiv2][status] GET https://sqladmin.googleapis.com/v1/projects/citysync-plus/instances/citysync-pluse-fdc 404
[debug] [2025-07-27T05:03:19.754Z] <<< [apiv2][body] GET https://sqladmin.googleapis.com/v1/projects/citysync-plus/instances/citysync-pluse-fdc {"error":{"code":404,"message":"The Cloud SQL instance does not exist.","errors":[{"message":"The Cloud SQL instance does not exist.","domain":"global","reason":"instanceDoesNotExist"}]}}
[warn] !  dataconnect: Cloud SQL instances created via the Firebase CLI do not support customer managed encryption keys.
If you'd like to use a CMEK to encrypt your data, first create a CMEK encrypted instance (https://cloud.google.com/sql/docs/postgres/configure-cmek#createcmekinstance).
Then, edit your `dataconnect.yaml` file to use the encrypted instance and redeploy. 
[info] i  dataconnect: Checking Cloud SQL no cost trial eligibility... 
[debug] [2025-07-27T05:03:19.756Z] Checked if tokens are valid: true, expires at: 1753593827132
[debug] [2025-07-27T05:03:19.756Z] Checked if tokens are valid: true, expires at: 1753593827132
[debug] [2025-07-27T05:03:19.756Z] >>> [apiv2][query] GET https://monitoring.googleapis.com/v3/projects/citysync-plus/timeSeries/ filter=metric.type%3D%22serviceruntime.googleapis.com%2Fquota%2Fallocation%2Fusage%22+AND+metric.label.quota_metric+%3D+%22sqladmin.googleapis.com%2Ffdc_lifetime_free_trial_per_project%22&interval.endTime=2025-07-27T05%3A03%3A19.755Z&interval.startTime=2025-07-20T05%3A03%3A19.755Z
[debug] [2025-07-27T05:03:21.545Z] <<< [apiv2][status] GET https://monitoring.googleapis.com/v3/projects/citysync-plus/timeSeries/ 200
[debug] [2025-07-27T05:03:21.545Z] <<< [apiv2][body] GET https://monitoring.googleapis.com/v3/projects/citysync-plus/timeSeries/ {"unit":"1"}
[info] +  dataconnect: CloudSQL no cost trial available! 
[info] i  dataconnect:  
[debug] [2025-07-27T05:03:21.552Z] Checked if tokens are valid: true, expires at: 1753593827132
[debug] [2025-07-27T05:03:21.552Z] Checked if tokens are valid: true, expires at: 1753593827132
[debug] [2025-07-27T05:03:21.553Z] >>> [apiv2][query] POST https://sqladmin.googleapis.com/v1/projects/citysync-plus/instances [none]
[debug] [2025-07-27T05:03:21.553Z] >>> [apiv2][body] POST https://sqladmin.googleapis.com/v1/projects/citysync-plus/instances {"name":"citysync-pluse-fdc","region":"us-central1","databaseVersion":"POSTGRES_15","settings":{"tier":"db-f1-micro","edition":"ENTERPRISE","ipConfiguration":{"authorizedNetworks":[]},"enableGoogleMlIntegration":false,"databaseFlags":[{"name":"cloudsql.iam_authentication","value":"on"}],"storageAutoResize":false,"userLabels":{"firebase-data-connect":"ft"},"insightsConfig":{"queryInsightsEnabled":true,"queryPlansPerMinute":5,"queryStringLength":1024}}}
[debug] [2025-07-27T05:03:24.342Z] <<< [apiv2][status] POST https://sqladmin.googleapis.com/v1/projects/citysync-plus/instances 200
[debug] [2025-07-27T05:03:24.342Z] <<< [apiv2][body] POST https://sqladmin.googleapis.com/v1/projects/citysync-plus/instances {"kind":"sql#operation","targetLink":"https://sqladmin.googleapis.com/v1/projects/citysync-plus/instances/citysync-pluse-fdc","status":"PENDING","user":"nishijsontakke123@gmail.com","insertTime":"2025-07-27T05:03:23.610Z","operationType":"CREATE","name":"26664ea2-19f4-48fc-bb20-65cf00000032","targetId":"citysync-pluse-fdc","selfLink":"https://sqladmin.googleapis.com/v1/projects/citysync-plus/operations/26664ea2-19f4-48fc-bb20-65cf00000032","targetProject":"citysync-plus"}
[debug] [2025-07-27T05:03:24.342Z] Checked if tokens are valid: true, expires at: 1753593827132
[debug] [2025-07-27T05:03:24.343Z] Checked if tokens are valid: true, expires at: 1753593827132
[debug] [2025-07-27T05:03:24.343Z] >>> [apiv2][query] GET https://sqladmin.googleapis.com/v1/projects/citysync-plus/operations/26664ea2-19f4-48fc-bb20-65cf00000032 [none]
[debug] [2025-07-27T05:03:25.087Z] <<< [apiv2][status] GET https://sqladmin.googleapis.com/v1/projects/citysync-plus/operations/26664ea2-19f4-48fc-bb20-65cf00000032 200
[debug] [2025-07-27T05:03:25.087Z] <<< [apiv2][body] GET https://sqladmin.googleapis.com/v1/projects/citysync-plus/operations/26664ea2-19f4-48fc-bb20-65cf00000032 {"kind":"sql#operation","targetLink":"https://sqladmin.googleapis.com/v1/projects/citysync-plus/instances/citysync-pluse-fdc","status":"RUNNING","user":"nishijsontakke123@gmail.com","insertTime":"2025-07-27T05:03:23.610Z","startTime":"2025-07-27T05:03:23.751Z","operationType":"CREATE","name":"26664ea2-19f4-48fc-bb20-65cf00000032","targetId":"citysync-pluse-fdc","selfLink":"https://sqladmin.googleapis.com/v1/projects/citysync-plus/operations/26664ea2-19f4-48fc-bb20-65cf00000032","targetProject":"citysync-plus"}
[debug] [2025-07-27T05:03:25.588Z] [LRO Poller] Retrying task index 0
[debug] [2025-07-27T05:03:25.589Z] Checked if tokens are valid: true, expires at: 1753593827132
[debug] [2025-07-27T05:03:25.589Z] Checked if tokens are valid: true, expires at: 1753593827132
[debug] [2025-07-27T05:03:25.589Z] >>> [apiv2][query] GET https://sqladmin.googleapis.com/v1/projects/citysync-plus/operations/26664ea2-19f4-48fc-bb20-65cf00000032 [none]
[debug] [2025-07-27T05:03:26.309Z] <<< [apiv2][status] GET https://sqladmin.googleapis.com/v1/projects/citysync-plus/operations/26664ea2-19f4-48fc-bb20-65cf00000032 200
[debug] [2025-07-27T05:03:26.309Z] <<< [apiv2][body] GET https://sqladmin.googleapis.com/v1/projects/citysync-plus/operations/26664ea2-19f4-48fc-bb20-65cf00000032 {"kind":"sql#operation","targetLink":"https://sqladmin.googleapis.com/v1/projects/citysync-plus/instances/citysync-pluse-fdc","status":"RUNNING","user":"nishijsontakke123@gmail.com","insertTime":"2025-07-27T05:03:23.610Z","startTime":"2025-07-27T05:03:23.751Z","operationType":"CREATE","name":"26664ea2-19f4-48fc-bb20-65cf00000032","targetId":"citysync-pluse-fdc","selfLink":"https://sqladmin.googleapis.com/v1/projects/citysync-plus/operations/26664ea2-19f4-48fc-bb20-65cf00000032","targetProject":"citysync-plus"}
[debug] [2025-07-27T05:03:27.324Z] [LRO Poller] Retrying task index 0
[debug] [2025-07-27T05:03:27.324Z] Checked if tokens are valid: true, expires at: 1753593827132
[debug] [2025-07-27T05:03:27.324Z] Checked if tokens are valid: true, expires at: 1753593827132
[debug] [2025-07-27T05:03:27.325Z] >>> [apiv2][query] GET https://sqladmin.googleapis.com/v1/projects/citysync-plus/operations/26664ea2-19f4-48fc-bb20-65cf00000032 [none]
[debug] [2025-07-27T05:03:28.080Z] <<< [apiv2][status] GET https://sqladmin.googleapis.com/v1/projects/citysync-plus/operations/26664ea2-19f4-48fc-bb20-65cf00000032 200
[debug] [2025-07-27T05:03:28.080Z] <<< [apiv2][body] GET https://sqladmin.googleapis.com/v1/projects/citysync-plus/operations/26664ea2-19f4-48fc-bb20-65cf00000032 {"kind":"sql#operation","targetLink":"https://sqladmin.googleapis.com/v1/projects/citysync-plus/instances/citysync-pluse-fdc","status":"RUNNING","user":"nishijsontakke123@gmail.com","insertTime":"2025-07-27T05:03:23.610Z","startTime":"2025-07-27T05:03:23.751Z","operationType":"CREATE","name":"26664ea2-19f4-48fc-bb20-65cf00000032","targetId":"citysync-pluse-fdc","selfLink":"https://sqladmin.googleapis.com/v1/projects/citysync-plus/operations/26664ea2-19f4-48fc-bb20-65cf00000032","targetProject":"citysync-plus"}
[debug] [2025-07-27T05:03:30.094Z] [LRO Poller] Retrying task index 0
[debug] [2025-07-27T05:03:30.094Z] Checked if tokens are valid: true, expires at: 1753593827132
[debug] [2025-07-27T05:03:30.094Z] Checked if tokens are valid: true, expires at: 1753593827132
[debug] [2025-07-27T05:03:30.095Z] >>> [apiv2][query] GET https://sqladmin.googleapis.com/v1/projects/citysync-plus/operations/26664ea2-19f4-48fc-bb20-65cf00000032 [none]
[debug] [2025-07-27T05:03:30.799Z] <<< [apiv2][status] GET https://sqladmin.googleapis.com/v1/projects/citysync-plus/operations/26664ea2-19f4-48fc-bb20-65cf00000032 200
[debug] [2025-07-27T05:03:30.799Z] <<< [apiv2][body] GET https://sqladmin.googleapis.com/v1/projects/citysync-plus/operations/26664ea2-19f4-48fc-bb20-65cf00000032 {"kind":"sql#operation","targetLink":"https://sqladmin.googleapis.com/v1/projects/citysync-plus/instances/citysync-pluse-fdc","status":"RUNNING","user":"nishijsontakke123@gmail.com","insertTime":"2025-07-27T05:03:23.610Z","startTime":"2025-07-27T05:03:23.751Z","operationType":"CREATE","name":"26664ea2-19f4-48fc-bb20-65cf00000032","targetId":"citysync-pluse-fdc","selfLink":"https://sqladmin.googleapis.com/v1/projects/citysync-plus/operations/26664ea2-19f4-48fc-bb20-65cf00000032","targetProject":"citysync-plus"}
[debug] [2025-07-27T05:03:34.799Z] [LRO Poller] Retrying task index 0
[debug] [2025-07-27T05:03:34.799Z] Checked if tokens are valid: true, expires at: 1753593827132
[debug] [2025-07-27T05:03:34.799Z] Checked if tokens are valid: true, expires at: 1753593827132
[debug] [2025-07-27T05:03:34.800Z] >>> [apiv2][query] GET https://sqladmin.googleapis.com/v1/projects/citysync-plus/operations/26664ea2-19f4-48fc-bb20-65cf00000032 [none]
[debug] [2025-07-27T05:03:35.492Z] <<< [apiv2][status] GET https://sqladmin.googleapis.com/v1/projects/citysync-plus/operations/26664ea2-19f4-48fc-bb20-65cf00000032 200
[debug] [2025-07-27T05:03:35.492Z] <<< [apiv2][body] GET https://sqladmin.googleapis.com/v1/projects/citysync-plus/operations/26664ea2-19f4-48fc-bb20-65cf00000032 {"kind":"sql#operation","targetLink":"https://sqladmin.googleapis.com/v1/projects/citysync-plus/instances/citysync-pluse-fdc","status":"RUNNING","user":"nishijsontakke123@gmail.com","insertTime":"2025-07-27T05:03:23.610Z","startTime":"2025-07-27T05:03:23.751Z","operationType":"CREATE","name":"26664ea2-19f4-48fc-bb20-65cf00000032","targetId":"citysync-pluse-fdc","selfLink":"https://sqladmin.googleapis.com/v1/projects/citysync-plus/operations/26664ea2-19f4-48fc-bb20-65cf00000032","targetProject":"citysync-plus"}
[debug] [2025-07-27T05:03:43.508Z] [LRO Poller] Retrying task index 0
[debug] [2025-07-27T05:03:43.509Z] Checked if tokens are valid: true, expires at: 1753593827132
[debug] [2025-07-27T05:03:43.509Z] Checked if tokens are valid: true, expires at: 1753593827132
[debug] [2025-07-27T05:03:43.509Z] >>> [apiv2][query] GET https://sqladmin.googleapis.com/v1/projects/citysync-plus/operations/26664ea2-19f4-48fc-bb20-65cf00000032 [none]
[debug] [2025-07-27T05:03:44.375Z] <<< [apiv2][status] GET https://sqladmin.googleapis.com/v1/projects/citysync-plus/operations/26664ea2-19f4-48fc-bb20-65cf00000032 200
[debug] [2025-07-27T05:03:44.375Z] <<< [apiv2][body] GET https://sqladmin.googleapis.com/v1/projects/citysync-plus/operations/26664ea2-19f4-48fc-bb20-65cf00000032 {"kind":"sql#operation","targetLink":"https://sqladmin.googleapis.com/v1/projects/citysync-plus/instances/citysync-pluse-fdc","status":"RUNNING","user":"nishijsontakke123@gmail.com","insertTime":"2025-07-27T05:03:23.610Z","startTime":"2025-07-27T05:03:23.751Z","operationType":"CREATE","name":"26664ea2-19f4-48fc-bb20-65cf00000032","targetId":"citysync-pluse-fdc","selfLink":"https://sqladmin.googleapis.com/v1/projects/citysync-plus/operations/26664ea2-19f4-48fc-bb20-65cf00000032","targetProject":"citysync-plus"}
[debug] [2025-07-27T05:04:00.375Z] [LRO Poller] Retrying task index 0
[debug] [2025-07-27T05:04:00.375Z] Checked if tokens are valid: true, expires at: 1753593827132
[debug] [2025-07-27T05:04:00.376Z] Checked if tokens are valid: true, expires at: 1753593827132
[debug] [2025-07-27T05:04:00.376Z] >>> [apiv2][query] GET https://sqladmin.googleapis.com/v1/projects/citysync-plus/operations/26664ea2-19f4-48fc-bb20-65cf00000032 [none]
[debug] [2025-07-27T05:04:01.274Z] <<< [apiv2][status] GET https://sqladmin.googleapis.com/v1/projects/citysync-plus/operations/26664ea2-19f4-48fc-bb20-65cf00000032 200
[debug] [2025-07-27T05:04:01.274Z] <<< [apiv2][body] GET https://sqladmin.googleapis.com/v1/projects/citysync-plus/operations/26664ea2-19f4-48fc-bb20-65cf00000032 {"kind":"sql#operation","targetLink":"https://sqladmin.googleapis.com/v1/projects/citysync-plus/instances/citysync-pluse-fdc","status":"RUNNING","user":"nishijsontakke123@gmail.com","insertTime":"2025-07-27T05:03:23.610Z","startTime":"2025-07-27T05:03:23.751Z","operationType":"CREATE","name":"26664ea2-19f4-48fc-bb20-65cf00000032","targetId":"citysync-pluse-fdc","selfLink":"https://sqladmin.googleapis.com/v1/projects/citysync-plus/operations/26664ea2-19f4-48fc-bb20-65cf00000032","targetProject":"citysync-plus"}
[debug] [2025-07-27T05:04:33.291Z] [LRO Poller] Retrying task index 0
[debug] [2025-07-27T05:04:33.291Z] Checked if tokens are valid: true, expires at: 1753593827132
[debug] [2025-07-27T05:04:33.291Z] Checked if tokens are valid: true, expires at: 1753593827132
[debug] [2025-07-27T05:04:33.291Z] >>> [apiv2][query] GET https://sqladmin.googleapis.com/v1/projects/citysync-plus/operations/26664ea2-19f4-48fc-bb20-65cf00000032 [none]
[debug] [2025-07-27T05:04:34.213Z] <<< [apiv2][status] GET https://sqladmin.googleapis.com/v1/projects/citysync-plus/operations/26664ea2-19f4-48fc-bb20-65cf00000032 200
[debug] [2025-07-27T05:04:34.213Z] <<< [apiv2][body] GET https://sqladmin.googleapis.com/v1/projects/citysync-plus/operations/26664ea2-19f4-48fc-bb20-65cf00000032 {"kind":"sql#operation","targetLink":"https://sqladmin.googleapis.com/v1/projects/citysync-plus/instances/citysync-pluse-fdc","status":"RUNNING","user":"nishijsontakke123@gmail.com","insertTime":"2025-07-27T05:03:23.610Z","startTime":"2025-07-27T05:03:23.751Z","operationType":"CREATE","name":"26664ea2-19f4-48fc-bb20-65cf00000032","targetId":"citysync-pluse-fdc","selfLink":"https://sqladmin.googleapis.com/v1/projects/citysync-plus/operations/26664ea2-19f4-48fc-bb20-65cf00000032","targetProject":"citysync-plus"}
[debug] [2025-07-27T05:05:34.226Z] [LRO Poller] Retrying task index 0
[debug] [2025-07-27T05:05:34.227Z] Checked if tokens are valid: true, expires at: 1753593827132
[debug] [2025-07-27T05:05:34.227Z] Checked if tokens are valid: true, expires at: 1753593827132
[debug] [2025-07-27T05:05:34.227Z] >>> [apiv2][query] GET https://sqladmin.googleapis.com/v1/projects/citysync-plus/operations/26664ea2-19f4-48fc-bb20-65cf00000032 [none]
[debug] [2025-07-27T05:05:35.132Z] <<< [apiv2][status] GET https://sqladmin.googleapis.com/v1/projects/citysync-plus/operations/26664ea2-19f4-48fc-bb20-65cf00000032 200
[debug] [2025-07-27T05:05:35.132Z] <<< [apiv2][body] GET https://sqladmin.googleapis.com/v1/projects/citysync-plus/operations/26664ea2-19f4-48fc-bb20-65cf00000032 {"kind":"sql#operation","targetLink":"https://sqladmin.googleapis.com/v1/projects/citysync-plus/instances/citysync-pluse-fdc","status":"RUNNING","user":"nishijsontakke123@gmail.com","insertTime":"2025-07-27T05:03:23.610Z","startTime":"2025-07-27T05:03:23.751Z","operationType":"CREATE","name":"26664ea2-19f4-48fc-bb20-65cf00000032","targetId":"citysync-pluse-fdc","selfLink":"https://sqladmin.googleapis.com/v1/projects/citysync-plus/operations/26664ea2-19f4-48fc-bb20-65cf00000032","targetProject":"citysync-plus"}
[debug] [2025-07-27T05:06:35.144Z] [LRO Poller] Retrying task index 0
[debug] [2025-07-27T05:06:35.145Z] Checked if tokens are valid: true, expires at: 1753593827132
[debug] [2025-07-27T05:06:35.145Z] Checked if tokens are valid: true, expires at: 1753593827132
[debug] [2025-07-27T05:06:35.145Z] >>> [apiv2][query] GET https://sqladmin.googleapis.com/v1/projects/citysync-plus/operations/26664ea2-19f4-48fc-bb20-65cf00000032 [none]
[debug] [2025-07-27T05:06:36.175Z] <<< [apiv2][status] GET https://sqladmin.googleapis.com/v1/projects/citysync-plus/operations/26664ea2-19f4-48fc-bb20-65cf00000032 200
[debug] [2025-07-27T05:06:36.175Z] <<< [apiv2][body] GET https://sqladmin.googleapis.com/v1/projects/citysync-plus/operations/26664ea2-19f4-48fc-bb20-65cf00000032 {"kind":"sql#operation","targetLink":"https://sqladmin.googleapis.com/v1/projects/citysync-plus/instances/citysync-pluse-fdc","status":"RUNNING","user":"nishijsontakke123@gmail.com","insertTime":"2025-07-27T05:03:23.610Z","startTime":"2025-07-27T05:03:23.751Z","operationType":"CREATE","name":"26664ea2-19f4-48fc-bb20-65cf00000032","targetId":"citysync-pluse-fdc","selfLink":"https://sqladmin.googleapis.com/v1/projects/citysync-plus/operations/26664ea2-19f4-48fc-bb20-65cf00000032","targetProject":"citysync-plus"}
[debug] [2025-07-27T05:07:36.177Z] [LRO Poller] Retrying task index 0
[debug] [2025-07-27T05:07:36.178Z] Checked if tokens are valid: true, expires at: 1753593827132
[debug] [2025-07-27T05:07:36.178Z] Checked if tokens are valid: true, expires at: 1753593827132
[debug] [2025-07-27T05:07:36.178Z] >>> [apiv2][query] GET https://sqladmin.googleapis.com/v1/projects/citysync-plus/operations/26664ea2-19f4-48fc-bb20-65cf00000032 [none]
[debug] [2025-07-27T05:07:37.112Z] <<< [apiv2][status] GET https://sqladmin.googleapis.com/v1/projects/citysync-plus/operations/26664ea2-19f4-48fc-bb20-65cf00000032 200
[debug] [2025-07-27T05:07:37.113Z] <<< [apiv2][body] GET https://sqladmin.googleapis.com/v1/projects/citysync-plus/operations/26664ea2-19f4-48fc-bb20-65cf00000032 {"kind":"sql#operation","targetLink":"https://sqladmin.googleapis.com/v1/projects/citysync-plus/instances/citysync-pluse-fdc","status":"RUNNING","user":"nishijsontakke123@gmail.com","insertTime":"2025-07-27T05:03:23.610Z","startTime":"2025-07-27T05:03:23.751Z","operationType":"CREATE","name":"26664ea2-19f4-48fc-bb20-65cf00000032","targetId":"citysync-pluse-fdc","selfLink":"https://sqladmin.googleapis.com/v1/projects/citysync-plus/operations/26664ea2-19f4-48fc-bb20-65cf00000032","targetProject":"citysync-plus"}
[debug] [2025-07-27T05:08:37.117Z] [LRO Poller] Retrying task index 0
[debug] [2025-07-27T05:08:37.118Z] Checked if tokens are valid: true, expires at: 1753593827132
[debug] [2025-07-27T05:08:37.118Z] Checked if tokens are valid: true, expires at: 1753593827132
[debug] [2025-07-27T05:08:37.118Z] >>> [apiv2][query] GET https://sqladmin.googleapis.com/v1/projects/citysync-plus/operations/26664ea2-19f4-48fc-bb20-65cf00000032 [none]
[debug] [2025-07-27T05:08:38.061Z] <<< [apiv2][status] GET https://sqladmin.googleapis.com/v1/projects/citysync-plus/operations/26664ea2-19f4-48fc-bb20-65cf00000032 200
[debug] [2025-07-27T05:08:38.061Z] <<< [apiv2][body] GET https://sqladmin.googleapis.com/v1/projects/citysync-plus/operations/26664ea2-19f4-48fc-bb20-65cf00000032 {"kind":"sql#operation","targetLink":"https://sqladmin.googleapis.com/v1/projects/citysync-plus/instances/citysync-pluse-fdc","status":"RUNNING","user":"nishijsontakke123@gmail.com","insertTime":"2025-07-27T05:03:23.610Z","startTime":"2025-07-27T05:03:23.751Z","operationType":"CREATE","name":"26664ea2-19f4-48fc-bb20-65cf00000032","targetId":"citysync-pluse-fdc","selfLink":"https://sqladmin.googleapis.com/v1/projects/citysync-plus/operations/26664ea2-19f4-48fc-bb20-65cf00000032","targetProject":"citysync-plus"}
